<?xml version="1.0" encoding="UTF-8"?>
<!-- Generated by org.testng.reporters.JUnitReportReporter -->
<testsuite hostname="LIT004950" failures="0" tests="3" name="Amazon.appium.SmoketestHomePage" time="8.470" errors="0" timestamp="2022-04-09T13:10:16 CEST" skipped="0">
  <testcase classname="Amazon.appium.SmoketestHomePage" name="homePage_searchbar" time="5.655"/>
  <system-out/>
  <testcase classname="Amazon.appium.SmoketestHomePage" name="homePage_ToolBar" time="1.843"/>
  <system-out/>
  <testcase classname="Amazon.appium.SmoketestHomePage" name="homePage_ActionBar" time="0.972"/>
  <system-out/>
</testsuite> <!-- Amazon.appium.SmoketestHomePage -->
