<?xml version="1.0" encoding="UTF-8"?>
<!-- Generated by org.testng.reporters.JUnitReportReporter -->
<testsuite hostname="LIT004950" failures="0" tests="3" name="Amazon.appium.testcases.TC1" time="7.315" errors="0" timestamp="2022-04-09T13:10:16 CEST" skipped="0">
  <testcase classname="Amazon.appium.testcases.TC1" name="homePage_searchbar" time="4.559"/>
  <system-out/>
  <testcase classname="Amazon.appium.testcases.TC1" name="homePage_ToolBar" time="1.749"/>
  <system-out/>
  <testcase classname="Amazon.appium.testcases.TC1" name="homePage_ActionBar" time="1.007"/>
  <system-out/>
</testsuite> <!-- Amazon.appium.testcases.TC1 -->
