<?xml version="1.0" encoding="UTF-8"?>
<!-- Generated by org.testng.reporters.JUnitReportReporter -->
<testsuite hostname="LIT004950" failures="0" tests="3" name="Amazon.appium.AppTest" time="9.588" errors="0" timestamp="2022-04-04T21:02:58 CEST" skipped="0">
  <testcase classname="Amazon.appium.AppTest" name="homePage_searchbar" time="4.962"/>
  <system-out/>
  <testcase classname="Amazon.appium.AppTest" name="homePage_ToolBar" time="2.966"/>
  <system-out/>
  <testcase classname="Amazon.appium.AppTest" name="homePage_ActionBar" time="1.660"/>
  <system-out/>
</testsuite> <!-- Amazon.appium.AppTest -->
