<?xml version="1.0" encoding="UTF-8"?>
<!-- Generated by org.testng.reporters.JUnitReportReporter -->
<testsuite hostname="LIT004950" failures="0" tests="3" name="Amazon.appium.SmoketestHomePage" time="9.715" errors="0" timestamp="2022-04-03T21:31:51 CEST" skipped="0">
  <testcase classname="Amazon.appium.SmoketestHomePage" name="homePage_searchbar" time="4.990"/>
  <system-out/>
  <testcase classname="Amazon.appium.SmoketestHomePage" name="homePage_ToolBar" time="2.035"/>
  <system-out/>
  <testcase classname="Amazon.appium.SmoketestHomePage" name="homePage_ActionBar" time="2.690"/>
  <system-out/>
</testsuite> <!-- Amazon.appium.SmoketestHomePage -->
